<?xml version="1.0" encoding="UTF-8"?>
<coverage generated="1762360314987" clover="3.2.0">
  <project timestamp="1762360314987" name="All files">
    <metrics statements="48" coveredstatements="30" conditionals="14" coveredconditionals="8" methods="11" coveredmethods="7" elements="73" coveredelements="45" complexity="0" loc="48" ncloc="48" packages="1" files="9" classes="9"/>
    <file name="app.controller.ts" path="C:\Users\cmiri\OneDrive\Documentos\GitHub\lab-2025-ii-pds-u2-03-nest-CMirianG\payment\src\app.controller.ts">
      <metrics statements="6" coveredstatements="0" conditionals="4" coveredconditionals="0" methods="2" coveredmethods="0"/>
      <line num="1" count="0" type="stmt"/>
      <line num="2" count="0" type="stmt"/>
      <line num="5" count="0" type="stmt"/>
      <line num="6" count="0" type="cond" truecount="0" falsecount="4"/>
      <line num="9" count="0" type="stmt"/>
      <line num="10" count="0" type="stmt"/>
    </file>
    <file name="app.module.ts" path="C:\Users\cmiri\OneDrive\Documentos\GitHub\lab-2025-ii-pds-u2-03-nest-CMirianG\payment\src\app.module.ts">
      <metrics statements="4" coveredstatements="0" conditionals="0" coveredconditionals="0" methods="0" coveredmethods="0"/>
      <line num="1" count="0" type="stmt"/>
      <line num="2" count="0" type="stmt"/>
      <line num="3" count="0" type="stmt"/>
      <line num="10" count="0" type="stmt"/>
    </file>
    <file name="app.service.ts" path="C:\Users\cmiri\OneDrive\Documentos\GitHub\lab-2025-ii-pds-u2-03-nest-CMirianG\payment\src\app.service.ts">
      <metrics statements="3" coveredstatements="0" conditionals="0" coveredconditionals="0" methods="1" coveredmethods="0"/>
      <line num="1" count="0" type="stmt"/>
      <line num="4" count="0" type="stmt"/>
      <line num="6" count="0" type="stmt"/>
    </file>
    <file name="cash-payment-strategy.ts" path="C:\Users\cmiri\OneDrive\Documentos\GitHub\lab-2025-ii-pds-u2-03-nest-CMirianG\payment\src\cash-payment-strategy.ts">
      <metrics statements="3" coveredstatements="3" conditionals="0" coveredconditionals="0" methods="1" coveredmethods="1"/>
      <line num="2" count="1" type="stmt"/>
      <line num="4" count="1" type="stmt"/>
      <line num="5" count="1" type="stmt"/>
    </file>
    <file name="credit-card-payment-strategy.ts" path="C:\Users\cmiri\OneDrive\Documentos\GitHub\lab-2025-ii-pds-u2-03-nest-CMirianG\payment\src\credit-card-payment-strategy.ts">
      <metrics statements="3" coveredstatements="3" conditionals="0" coveredconditionals="0" methods="1" coveredmethods="1"/>
      <line num="2" count="1" type="stmt"/>
      <line num="5" count="1" type="stmt"/>
      <line num="6" count="1" type="stmt"/>
    </file>
    <file name="debit-card-payment-strategy.ts" path="C:\Users\cmiri\OneDrive\Documentos\GitHub\lab-2025-ii-pds-u2-03-nest-CMirianG\payment\src\debit-card-payment-strategy.ts">
      <metrics statements="3" coveredstatements="3" conditionals="0" coveredconditionals="0" methods="1" coveredmethods="1"/>
      <line num="2" count="1" type="stmt"/>
      <line num="4" count="1" type="stmt"/>
      <line num="5" count="1" type="stmt"/>
    </file>
    <file name="main.ts" path="C:\Users\cmiri\OneDrive\Documentos\GitHub\lab-2025-ii-pds-u2-03-nest-CMirianG\payment\src\main.ts">
      <metrics statements="5" coveredstatements="0" conditionals="2" coveredconditionals="0" methods="1" coveredmethods="0"/>
      <line num="1" count="0" type="stmt"/>
      <line num="2" count="0" type="stmt"/>
      <line num="5" count="0" type="stmt"/>
      <line num="6" count="0" type="cond" truecount="0" falsecount="2"/>
      <line num="8" count="0" type="stmt"/>
    </file>
    <file name="payment-context.ts" path="C:\Users\cmiri\OneDrive\Documentos\GitHub\lab-2025-ii-pds-u2-03-nest-CMirianG\payment\src\payment-context.ts">
      <metrics statements="3" coveredstatements="3" conditionals="0" coveredconditionals="0" methods="2" coveredmethods="2"/>
      <line num="2" count="1" type="stmt"/>
      <line num="10" count="3" type="stmt"/>
      <line num="16" count="3" type="stmt"/>
    </file>
    <file name="payment-service.ts" path="C:\Users\cmiri\OneDrive\Documentos\GitHub\lab-2025-ii-pds-u2-03-nest-CMirianG\payment\src\payment-service.ts">
      <metrics statements="18" coveredstatements="18" conditionals="8" coveredconditionals="8" methods="2" coveredmethods="2"/>
      <line num="1" count="1" type="stmt"/>
      <line num="2" count="1" type="stmt"/>
      <line num="3" count="1" type="stmt"/>
      <line num="4" count="1" type="stmt"/>
      <line num="5" count="1" type="stmt"/>
      <line num="9" count="4" type="stmt"/>
      <line num="10" count="4" type="cond" truecount="2" falsecount="0"/>
      <line num="12" count="1" type="stmt"/>
      <line num="14" count="3" type="cond" truecount="2" falsecount="0"/>
      <line num="16" count="1" type="stmt"/>
      <line num="18" count="2" type="cond" truecount="2" falsecount="0"/>
      <line num="20" count="1" type="stmt"/>
      <line num="24" count="1" type="stmt"/>
      <line num="27" count="3" type="stmt"/>
      <line num="31" count="1" type="cond" truecount="2" falsecount="0"/>
      <line num="33" count="1" type="stmt"/>
      <line num="34" count="1" type="stmt"/>
      <line num="35" count="1" type="stmt"/>
    </file>
  </project>
</coverage>
